<?xml version="1.0" encoding="UTF-8"?>
<!-- Generated by org.testng.reporters.JUnitXMLReporter -->
<testsuite hostname="fonnegra" ignored="0" name="Default test" tests="3" failures="0" timestamp="06 Apr 2017 01:28:49 GMT" time="0.066" errors="0">
  <testcase name="laPruebaDebeOrdenar2PersonasIguales" time="0.024" classname="co.edu.uelbosque.essatueb.sortbigfiles.EdadComparatorTest"/>
  <testcase name="laPruebaDebeOrdenar2PersonasMayorMenor" time="0.001" classname="co.edu.uelbosque.essatueb.sortbigfiles.EdadComparatorTest"/>
  <testcase name="laPruebaDebeOrdenar2PersonasMenorMayor" time="0.001" classname="co.edu.uelbosque.essatueb.sortbigfiles.EdadComparatorTest"/>
</testsuite> <!-- Default test -->
