<?xml version="1.0" encoding="UTF-8"?>
<!-- Generated by org.testng.reporters.JUnitXMLReporter -->
<testsuite hostname="fonnegra" ignored="0" name="Default test" tests="6" failures="0" timestamp="06 Apr 2017 02:02:47 GMT" time="0.252" errors="0">
  <testcase name="getFilesToOrder" time="0.167" classname="co.edu.uelbosque.essatueb.sortbigfiles.SorterBigFileTemplateImplementationTesst"/>
  <testcase name="mergeFiles" time="0.001" classname="co.edu.uelbosque.essatueb.sortbigfiles.SorterBigFileTemplateImplementationTesst"/>
  <testcase name="particionarArchivos" time="0.014" classname="co.edu.uelbosque.essatueb.sortbigfiles.SorterBigFileTemplateImplementationTesst"/>
  <testcase name="saveToNewFile" time="0.002" classname="co.edu.uelbosque.essatueb.sortbigfiles.SorterBigFileTemplateImplementationTesst"/>
  <testcase name="shouldHasMoreLinesToReadFromBuffer" time="0.002" classname="co.edu.uelbosque.essatueb.sortbigfiles.SorterBigFileTemplateImplementationTesst"/>
  <testcase name="shouldReturnFirstTwoLines" time="0.002" classname="co.edu.uelbosque.essatueb.sortbigfiles.SorterBigFileTemplateImplementationTesst"/>
</testsuite> <!-- Default test -->
